<?xml version="1.0" encoding="UTF-8"?>
<!-- Generated by org.testng.reporters.JUnitXMLReporter -->
<testsuite hostname="Maryias-MacBook-Air.local" name="Navigation test" tests="4" failures="0" timestamp="25 Feb 2016 23:43:22 GMT" time="11.567" errors="0">
  <testcase name="checkEqual" time="0.012" classname="simple_tests.SimpleTest"/>
  <testcase name="testNavigation" time="0.124" classname="simple_tests.NavigateTest"/>
  <testcase name="testGoogleFF" time="8.477" classname="simple_tests.SimpleTest"/>
  <testcase name="testSafari" time="3.05" classname="simple_tests.SimpleTest"/>
</testsuite> <!-- Navigation test -->
