<?xml version="1.0" encoding="UTF-8"?>
<!-- Generated by org.testng.reporters.JUnitXMLReporter -->
<testsuite hostname="Maryias-MacBook-Air.local" name="Default test" tests="3" failures="0" timestamp="25 Feb 2016 23:42:30 GMT" time="7.971" errors="0">
  <testcase name="checkEqual" time="0.016" classname="simple_tests.SimpleTest"/>
  <testcase name="testGoogleFF" time="4.617" classname="simple_tests.SimpleTest"/>
  <testcase name="testSafari" time="3.306" classname="simple_tests.SimpleTest"/>
</testsuite> <!-- Default test -->
