<?xml version="1.0" encoding="UTF-8"?>
<!-- Generated by org.testng.reporters.JUnitXMLReporter -->
<testsuite hostname="Maryias-MacBook-Air.local" tests="4" failures="0" timestamp="23 Feb 2016 00:40:42 GMT" time="12.544" errors="0">
  <testcase name="checkEqual" time="0.02" classname="SimpleTest"/>
  <testcase name="testGoogleChrome" time="5.52" classname="SimpleTest"/>
  <testcase name="testGoogleFF" time="3.473" classname="SimpleTest"/>
  <testcase name="testSafari" time="3.49" classname="SimpleTest"/>
</testsuite>
