<?xml version="1.0" encoding="UTF-8"?>
<testng-results skipped="0" failed="0" total="4" passed="4">
  <reporter-output>
  </reporter-output>
  <suite name="Default suite" duration-ms="12544" started-at="2016-02-23T00:40:30Z" finished-at="2016-02-23T00:40:42Z">
    <groups>
    </groups>
    <test name="Default test" duration-ms="12544" started-at="2016-02-23T00:40:30Z" finished-at="2016-02-23T00:40:42Z">
      <class name="SimpleTest">
        <test-method status="PASS" signature="checkEqual()[pri:0, instance:SimpleTest@1134affc]" name="checkEqual" duration-ms="20" started-at="2016-02-22T16:40:30Z" finished-at="2016-02-22T16:40:30Z">
          <reporter-output>
          </reporter-output>
        </test-method> <!-- checkEqual -->
        <test-method status="PASS" signature="testGoogleChrome()[pri:0, instance:SimpleTest@1134affc]" name="testGoogleChrome" duration-ms="5520" started-at="2016-02-22T16:40:30Z" finished-at="2016-02-22T16:40:35Z">
          <reporter-output>
          </reporter-output>
        </test-method> <!-- testGoogleChrome -->
        <test-method status="PASS" signature="testGoogleFF()[pri:0, instance:SimpleTest@1134affc]" name="testGoogleFF" duration-ms="3473" started-at="2016-02-22T16:40:35Z" finished-at="2016-02-22T16:40:39Z">
          <reporter-output>
          </reporter-output>
        </test-method> <!-- testGoogleFF -->
        <test-method status="PASS" signature="testSafari()[pri:0, instance:SimpleTest@1134affc]" name="testSafari" duration-ms="3490" started-at="2016-02-22T16:40:39Z" finished-at="2016-02-22T16:40:42Z">
          <reporter-output>
          </reporter-output>
        </test-method> <!-- testSafari -->
      </class> <!-- SimpleTest -->
    </test> <!-- Default test -->
  </suite> <!-- Default suite -->
</testng-results>
