<?xml version="1.0" encoding="UTF-8"?>
<testng-results skipped="0" failed="0" total="4" passed="4">
  <reporter-output>
  </reporter-output>
  <suite name="Testng test suite" duration-ms="11567" started-at="2016-02-25T23:43:10Z" finished-at="2016-02-25T23:43:22Z">
    <groups>
    </groups>
    <test name="Navigation test" duration-ms="11567" started-at="2016-02-25T23:43:10Z" finished-at="2016-02-25T23:43:22Z">
      <class name="simple_tests.SimpleTest">
        <test-method status="PASS" signature="checkEqual()[pri:0, instance:simple_tests.SimpleTest@4c203ea1]" name="checkEqual" duration-ms="12" started-at="2016-02-25T15:43:10Z" finished-at="2016-02-25T15:43:10Z">
          <reporter-output>
          </reporter-output>
        </test-method> <!-- checkEqual -->
        <test-method status="PASS" signature="testGoogleFF()[pri:0, instance:simple_tests.SimpleTest@4c203ea1]" name="testGoogleFF" duration-ms="8477" started-at="2016-02-25T15:43:10Z" finished-at="2016-02-25T15:43:19Z">
          <reporter-output>
          </reporter-output>
        </test-method> <!-- testGoogleFF -->
        <test-method status="PASS" signature="testSafari()[pri:0, instance:simple_tests.SimpleTest@4c203ea1]" name="testSafari" duration-ms="3050" started-at="2016-02-25T15:43:19Z" finished-at="2016-02-25T15:43:22Z">
          <reporter-output>
          </reporter-output>
        </test-method> <!-- testSafari -->
      </class> <!-- simple_tests.SimpleTest -->
      <class name="simple_tests.NavigateTest">
        <test-method status="PASS" signature="setup()[pri:0, instance:simple_tests.NavigateTest@7c75222b]" name="setup" is-config="true" duration-ms="4584" started-at="2016-02-25T15:43:10Z" finished-at="2016-02-25T15:43:15Z">
          <reporter-output>
          </reporter-output>
        </test-method> <!-- setup -->
        <test-method status="PASS" signature="testNavigation()[pri:0, instance:simple_tests.NavigateTest@7c75222b]" name="testNavigation" duration-ms="124" started-at="2016-02-25T15:43:15Z" finished-at="2016-02-25T15:43:15Z">
          <reporter-output>
          </reporter-output>
        </test-method> <!-- testNavigation -->
        <test-method status="PASS" signature="tearDown()[pri:0, instance:simple_tests.NavigateTest@7c75222b]" name="tearDown" is-config="true" duration-ms="140" started-at="2016-02-25T15:43:15Z" finished-at="2016-02-25T15:43:15Z">
          <reporter-output>
          </reporter-output>
        </test-method> <!-- tearDown -->
      </class> <!-- simple_tests.NavigateTest -->
    </test> <!-- Navigation test -->
  </suite> <!-- Testng test suite -->
</testng-results>
